<?xml version="1.0" encoding="UTF-8"?>
<testsuite xmlns:xsi="http://www.w3.org/2001/XMLSchema-instance" xsi:noNamespaceSchemaLocation="https://maven.apache.org/surefire/maven-surefire-plugin/xsd/surefire-test-report-3.0.xsd" version="3.0" name="com.pricecompare.service.CrawlerServiceTest" time="4.187" tests="6" errors="0" skipped="0" failures="0">
  <properties>
[...]
</properties>
  <testcase name="testCheckPlatformAvailability" classname="com.pricecompare.service.CrawlerServiceTest" time="3.628"/>
  <testcase name="testGetProductDetail" classname="com.pricecompare.service.CrawlerServiceTest" time="0.092">
    <system-out><![CDATA[00:23:26.085 [main] INFO com.pricecompare.service.impl.CrawlerServiceImpl -- 获取商品详情，商品ID：123456，平台：jd
00:23:26.136 [main] INFO com.pricecompare.service.impl.CrawlerServiceImpl -- 商品详情获取完成，商品ID：123456，平台：jd
]]></system-out>
  </testcase>
  <testcase name="testGetSupportedPlatforms" classname="com.pricecompare.service.CrawlerServiceTest" time="0.015"/>
  <testcase name="testBatchSearchProducts" classname="com.pricecompare.service.CrawlerServiceTest" time="0.139">
    <system-out><![CDATA[00:23:26.197 [main] INFO com.pricecompare.service.impl.CrawlerServiceImpl -- 批量搜索商品，关键词：iPhone 15，平台：[jd]
00:23:26.197 [main] INFO com.pricecompare.service.impl.CrawlerServiceImpl -- 开始搜索商品，关键词：iPhone 15，平台：jd
00:23:26.214 [main] INFO com.pricecompare.service.impl.CrawlerServiceImpl -- 搜索完成，找到5个商品，关键词：iPhone 15，平台：jd
00:23:26.320 [main] INFO com.pricecompare.service.impl.CrawlerServiceImpl -- 批量搜索完成，共找到5个商品，关键词：iPhone 15
]]></system-out>
  </testcase>
  <testcase name="testGetProductDetail_NotFound" classname="com.pricecompare.service.CrawlerServiceTest" time="0.011">
    <system-out><![CDATA[00:23:26.331 [main] INFO com.pricecompare.service.impl.CrawlerServiceImpl -- 获取商品详情，商品ID：nonexistent_product，平台：taobao
00:23:26.332 [main] WARN com.pricecompare.service.impl.CrawlerServiceImpl -- 平台未配置或已禁用：taobao
]]></system-out>
  </testcase>
  <testcase name="testSearchProducts_SinglePlatform" classname="com.pricecompare.service.CrawlerServiceTest" time="0.052">
    <system-out><![CDATA[00:23:26.383 [main] INFO com.pricecompare.service.impl.CrawlerServiceImpl -- 开始搜索商品，关键词：iPhone 15，平台：jd
00:23:26.388 [main] INFO com.pricecompare.service.impl.CrawlerServiceImpl -- 搜索完成，找到5个商品，关键词：iPhone 15，平台：jd
]]></system-out>
  </testcase>
</testsuite>